<?xml version="1.0" encoding="UTF-8"?>
<!-- Generated by org.testng.reporters.JUnitReportReporter -->
<testsuite skipped="0" hostname="LAPTOP-VU9QE24V" name="CaptureNetworkTraffic" tests="1" failures="0" timestamp="26 Mar 2018 06:43:23 GMT" time="3.449" errors="0">
  <testcase name="testCaseOne" time="3.449" classname="CaptureNetworkTraffic"/>
</testsuite> <!-- CaptureNetworkTraffic -->
